[debug] [2026-02-15T14:04:39.972Z] ----------------------------------------------------------------------
[debug] [2026-02-15T14:04:39.973Z] Command:       /usr/local/bin/node /usr/local/bin/firebase init hosting
[debug] [2026-02-15T14:04:39.973Z] CLI Version:   15.6.0
[debug] [2026-02-15T14:04:39.973Z] Platform:      darwin
[debug] [2026-02-15T14:04:39.973Z] Node Version:  v24.13.0
[debug] [2026-02-15T14:04:39.973Z] Time:          Sun Feb 15 2026 14:04:39 GMT+0000 (Greenwich Mean Time)
[debug] [2026-02-15T14:04:39.973Z] ----------------------------------------------------------------------
[debug] 
[info] 
     ######## #### ########  ######## ########     ###     ######  ########
     ##        ##  ##     ## ##       ##     ##  ##   ##  ##       ##
     ######    ##  ########  ######   ########  #########  ######  ######
     ##        ##  ##    ##  ##       ##     ## ##     ##       ## ##
     ##       #### ##     ## ######## ########  ##     ##  ######  ########

You're about to initialize a Firebase project in this directory:

  /Users/xanderwiles/Documents/Work/Code/Web_Apps/xander-wiles-website/pages/Social-Network

[info] 
=== Project Setup
[info] 
[info] First, let's associate this project directory with a Firebase project.
[info] You can create multiple project aliases by running firebase use --add, 
[info] 
[debug] [2026-02-15T14:04:58.721Z] > command requires scopes: ["email","openid","https://www.googleapis.com/auth/cloudplatformprojects.readonly","https://www.googleapis.com/auth/firebase","https://www.googleapis.com/auth/cloud-platform"]
[debug] [2026-02-15T14:04:58.722Z] > authorizing via signed-in user (xanderwiles@gmail.com)
[debug] [2026-02-15T14:04:58.723Z] Checked if tokens are valid: true, expires at: 1771167851506
[debug] [2026-02-15T14:04:58.723Z] Checked if tokens are valid: true, expires at: 1771167851506
[debug] [2026-02-15T14:04:58.724Z] >>> [apiv2][query] GET https://firebase.googleapis.com/v1beta1/projects pageSize=100
[debug] [2026-02-15T14:04:59.401Z] <<< [apiv2][status] GET https://firebase.googleapis.com/v1beta1/projects 200
[debug] [2026-02-15T14:04:59.402Z] <<< [apiv2][body] GET https://firebase.googleapis.com/v1beta1/projects [omitted]
[info] 
=== Hosting Setup
[debug] [2026-02-15T14:05:02.751Z] Checked if tokens are valid: true, expires at: 1771167851506
[debug] [2026-02-15T14:05:02.751Z] Checked if tokens are valid: true, expires at: 1771167851506
[debug] [2026-02-15T14:05:02.751Z] >>> [apiv2][query] GET https://firebase.googleapis.com/v1beta1/projects/social-network-b6579 [none]
[debug] [2026-02-15T14:05:03.028Z] <<< [apiv2][status] GET https://firebase.googleapis.com/v1beta1/projects/social-network-b6579 200
[debug] [2026-02-15T14:05:03.029Z] <<< [apiv2][body] GET https://firebase.googleapis.com/v1beta1/projects/social-network-b6579 {"projectId":"social-network-b6579","projectNumber":"686831441900","displayName":"Social-Network","name":"projects/social-network-b6579","resources":{"hostingSite":"social-network-b6579"},"state":"ACTIVE","etag":"1_f6a7038c-7157-4e4d-95ac-ebec57eaa723"}
[info] 
[info] Your public directory is the folder (relative to your project directory) that
[info] will contain Hosting assets to be uploaded with firebase deploy. If you
[info] have a build process for your assets, use your build's output directory.
[info] 
